<?xml version="1.0" encoding="utf-8"?><testsuites name="pytest tests"><testsuite name="pytest" errors="0" failures="0" skipped="1" tests="199" time="1.242" timestamp="2026-04-28T10:36:42.438738+00:00" hostname="agent-env-068ba3ef-3360-4363-aad7-7e7ecc334d3c"><testcase classname="tests.test_anchor_status" name="test_build_anchor_is_deterministic" time="0.003" /><testcase classname="tests.test_anchor_status" name="test_components_are_sorted" time="0.001" /><testcase classname="tests.test_anchor_status" name="test_root_changes_when_row_modified" time="0.001" /><testcase classname="tests.test_anchor_status" name="test_root_changes_when_row_added" time="0.001" /><testcase classname="tests.test_anchor_status" name="test_inclusion_proof_round_trip" time="0.001" /><testcase classname="tests.test_anchor_status" name="test_invalid_proof_fails" time="0.001" /><testcase classname="tests.test_anchor_status" name="test_leaf_hash_format_is_64_hex_chars" time="0.000" /><testcase classname="tests.test_anchor_status" name="test_odd_leaf_padding" time="0.000" /><testcase classname="tests.test_anchor_status" name="test_cli_build_then_verify" time="0.100" /><testcase classname="tests.test_anchor_status" name="test_cli_verify_detects_tamper" time="0.099" /><testcase classname="tests.test_assemble_certificate" name="test_build_certificate_shape" time="0.002" /><testcase classname="tests.test_assemble_certificate" name="test_s1_block_content" time="0.002" /><testcase classname="tests.test_assemble_certificate" name="test_signature_is_deterministic_and_covers_payload" time="0.002" /><testcase classname="tests.test_assemble_certificate" name="test_signature_changes_when_payload_changes" time="0.003" /><testcase classname="tests.test_assemble_certificate" name="test_cli_writes_file_and_exit_zero" time="0.003" /><testcase classname="tests.test_assemble_certificate" name="test_cli_require_verified_fails_when_missing_anchor" time="0.000" /><testcase classname="tests.test_audit_status" name="test_parse_lean_file_handles_authoritative_module" time="0.000" /><testcase classname="tests.test_audit_status" name="test_collect_lean_discovers_all_modules" time="0.002" /><testcase classname="tests.test_audit_status" name="test_collect_python_includes_distributions_and_regime" time="0.002" /><testcase classname="tests.test_audit_status" name="test_collect_ci_finds_fakeon_verify_workflow" time="0.009" /><testcase classname="tests.test_audit_status" name="test_build_report_runs_and_renders" time="0.012" /><testcase classname="tests.test_bootstrap_optical" name="test_bootstrap_loss_zero_for_inelastic_ansatz" time="0.001" /><testcase classname="tests.test_bootstrap_optical" name="test_bootstrap_loss_detects_violation" time="0.000" /><testcase classname="tests.test_bootstrap_optical" name="test_optical_inequality_holds_pointwise" time="0.000" /><testcase classname="tests.test_bootstrap_optical" name="test_optical_inequality_consistency_with_norm_squared" time="0.000" /><testcase classname="tests.test_bootstrap_optical" name="test_bootstrap_optical_pipeline" time="0.000" /><testcase classname="tests.test_bootstrap_optical" name="test_eta_profile_bounds[0]" time="0.000" /><testcase classname="tests.test_bootstrap_optical" name="test_eta_profile_bounds[1]" time="0.000" /><testcase classname="tests.test_bootstrap_optical" name="test_eta_profile_bounds[2]" time="0.000" /><testcase classname="tests.test_bootstrap_optical" name="test_eta_profile_bounds[3]" time="0.000" /><testcase classname="tests.test_bootstrap_optical" name="test_eta_profile_bounds[4]" time="0.000" /><testcase classname="tests.test_chen_integration" name="test_spectral_density_axiom_holds" time="0.000" /><testcase classname="tests.test_chen_integration" name="test_c_n_real_under_fakeon_axiom[0]" time="0.000" /><testcase classname="tests.test_chen_integration" name="test_c_n_real_under_fakeon_axiom[1]" time="0.000" /><testcase classname="tests.test_chen_integration" name="test_c_n_real_under_fakeon_axiom[2]" time="0.000" /><testcase classname="tests.test_chen_integration" name="test_c_n_real_under_fakeon_axiom[3]" time="0.000" /><testcase classname="tests.test_chen_integration" name="test_c_n_real_under_fakeon_axiom[4]" time="0.000" /><testcase classname="tests.test_chen_integration" name="test_chen_recursion_preserves_reality[1]" time="0.000" /><testcase classname="tests.test_chen_integration" name="test_chen_recursion_preserves_reality[2]" time="0.000" /><testcase classname="tests.test_chen_integration" name="test_chen_recursion_preserves_reality[3]" time="0.000" /><testcase classname="tests.test_chen_integration" name="test_chen_recursion_preserves_reality[4]" time="0.000" /><testcase classname="tests.test_cutkosky" name="test_fakeon_prop_complex_is_real[0.1-0.5]" time="0.000" /><testcase classname="tests.test_cutkosky" name="test_fakeon_prop_complex_is_real[0.1-1.7]" time="0.000" /><testcase classname="tests.test_cutkosky" name="test_fakeon_prop_complex_is_real[0.1--3.2]" time="0.000" /><testcase classname="tests.test_cutkosky" name="test_fakeon_prop_complex_is_real[0.1-101.0]" time="0.000" /><testcase classname="tests.test_cutkosky" name="test_fakeon_prop_complex_is_real[5.0-0.5]" time="0.000" /><testcase classname="tests.test_cutkosky" name="test_fakeon_prop_complex_is_real[5.0-1.7]" time="0.000" /><testcase classname="tests.test_cutkosky" name="test_fakeon_prop_complex_is_real[5.0--3.2]" time="0.000" /><testcase classname="tests.test_cutkosky" name="test_fakeon_prop_complex_is_real[5.0-101.0]" time="0.000" /><testcase classname="tests.test_cutkosky" name="test_fakeon_prop_complex_is_real[13.3-0.5]" time="0.000" /><testcase classname="tests.test_cutkosky" name="test_fakeon_prop_complex_is_real[13.3-1.7]" time="0.000" /><testcase classname="tests.test_cutkosky" name="test_fakeon_prop_complex_is_real[13.3--3.2]" time="0.000" /><testcase classname="tests.test_cutkosky" name="test_fakeon_prop_complex_is_real[13.3-101.0]" time="0.000" /><testcase classname="tests.test_cutkosky" name="test_fakeon_prop_matches_scalar" time="0.000" /><testcase classname="tests.test_cutkosky" name="test_causal_imag_formula[-2.0-0.1]" time="0.000" /><testcase classname="tests.test_cutkosky" name="test_causal_imag_formula[-2.0-0.001]" time="0.000" /><testcase classname="tests.test_cutkosky" name="test_causal_imag_formula[-2.0-1e-06]" time="0.000" /><testcase classname="tests.test_cutkosky" name="test_causal_imag_formula[-0.3-0.1]" time="0.000" /><testcase classname="tests.test_cutkosky" name="test_causal_imag_formula[-0.3-0.001]" time="0.000" /><testcase classname="tests.test_cutkosky" name="test_causal_imag_formula[-0.3-1e-06]" time="0.000" /><testcase classname="tests.test_cutkosky" name="test_causal_imag_formula[0.0-0.1]" time="0.000" /><testcase classname="tests.test_cutkosky" name="test_causal_imag_formula[0.0-0.001]" time="0.000" /><testcase classname="tests.test_cutkosky" name="test_causal_imag_formula[0.0-1e-06]" time="0.000" /><testcase classname="tests.test_cutkosky" name="test_causal_imag_formula[0.3-0.1]" time="0.000" /><testcase classname="tests.test_cutkosky" name="test_causal_imag_formula[0.3-0.001]" time="0.000" /><testcase classname="tests.test_cutkosky" name="test_causal_imag_formula[0.3-1e-06]" time="0.000" /><testcase classname="tests.test_cutkosky" name="test_causal_imag_formula[2.0-0.1]" time="0.000" /><testcase classname="tests.test_cutkosky" name="test_causal_imag_formula[2.0-0.001]" time="0.000" /><testcase classname="tests.test_cutkosky" name="test_causal_imag_formula[2.0-1e-06]" time="0.000" /><testcase classname="tests.test_cutkosky" name="test_sokhotski_plemelj_limit[&lt;lambda&gt;-1.0_0]" time="0.001" /><testcase classname="tests.test_cutkosky" name="test_sokhotski_plemelj_limit[&lt;lambda&gt;-1.0_1]" time="0.001" /><testcase classname="tests.test_cutkosky" name="test_sokhotski_plemelj_limit[&lt;lambda&gt;-1.0_2]" time="0.001" /><testcase classname="tests.test_cutkosky" name="test_sokhotski_plemelj_probe_registers_ledger" time="0.001" /><testcase classname="tests.test_cutkosky" name="test_fakeon_disc_scales_like_eta[0.25-0.5]" time="0.000" /><testcase classname="tests.test_cutkosky" name="test_fakeon_disc_scales_like_eta[0.25-1.5]" time="0.000" /><testcase classname="tests.test_cutkosky" name="test_fakeon_disc_scales_like_eta[0.25-5.0]" time="0.000" /><testcase classname="tests.test_cutkosky" name="test_fakeon_disc_scales_like_eta[1.0-0.5]" time="0.000" /><testcase classname="tests.test_cutkosky" name="test_fakeon_disc_scales_like_eta[1.0-1.5]" time="0.000" /><testcase classname="tests.test_cutkosky" name="test_fakeon_disc_scales_like_eta[1.0-5.0]" time="0.000" /><testcase classname="tests.test_cutkosky" name="test_fakeon_disc_vanishes_in_limit" time="0.000" /><testcase classname="tests.test_cutkosky" name="test_modified_cutkosky_fakeon_invisible[0.01]" time="0.000" /><testcase classname="tests.test_cutkosky" name="test_modified_cutkosky_fakeon_invisible[0.0001]" time="0.000" /><testcase classname="tests.test_cutkosky" name="test_modified_cutkosky_fakeon_invisible[1e-06]" time="0.000" /><testcase classname="tests.test_dispersive_reality" name="test_im_eq_zero[0]" time="0.001" /><testcase classname="tests.test_dispersive_reality" name="test_im_eq_zero[1]" time="0.000" /><testcase classname="tests.test_dispersive_reality" name="test_im_eq_zero[2]" time="0.001" /><testcase classname="tests.test_dispersive_reality" name="test_im_eq_zero[3]" time="0.000" /><testcase classname="tests.test_dispersive_reality" name="test_im_eq_zero[4]" time="0.000" /><testcase classname="tests.test_dispersive_reality" name="test_im_eq_zero[5]" time="0.000" /><testcase classname="tests.test_dispersive_reality" name="test_spectral_density_axiom" time="0.000" /><testcase classname="tests.test_distribution_limits" name="test_sokhotski_plemelj_convergence[0.1-0.4]" time="0.001" /><testcase classname="tests.test_distribution_limits" name="test_sokhotski_plemelj_convergence[0.01-0.04]" time="0.001" /><testcase classname="tests.test_distribution_limits" name="test_sokhotski_plemelj_convergence[0.001-0.004]" time="0.001" /><testcase classname="tests.test_distribution_limits" name="test_sokhotski_plemelj_convergence[0.0001-0.0004]" time="0.001" /><testcase classname="tests.test_distribution_limits" name="test_sokhotski_plemelj_convergence[1e-05-4e-05]" time="0.000" /><testcase classname="tests.test_distribution_limits" name="test_sokhotski_plemelj_matches_closed_form" time="0.002" /><testcase classname="tests.test_distribution_limits" name="test_sokhotski_plemelj_monotone_error" time="0.002" /><testcase classname="tests.test_distribution_limits" name="test_causal_prop_im_identity" time="0.001" /><testcase classname="tests.test_extract_cvec" name="test_loader_analytic_fallback_shapes" time="0.001" /><testcase classname="tests.test_extract_cvec" name="test_loader_prefers_json" time="0.001" /><testcase classname="tests.test_extract_cvec" name="test_loader_rejects_bad_shape" time="0.001" /><testcase classname="tests.test_extract_cvec" name="test_mma_to_python_translation" time="0.000" /><testcase classname="tests.test_extract_cvec" name="test_safe_eval_basic" time="0.000" /><testcase classname="tests.test_extract_cvec" name="test_parse_mathematica_dump_roundtrip" time="0.002" /><testcase classname="tests.test_extract_cvec" name="test_end_to_end_save_and_load" time="0.002" /><testcase classname="tests.test_extract_cvec" name="test_cli_missing_input_returns_nonzero" time="0.001" /><testcase classname="tests.test_fakeon_pv" name="test_placeholder_pv" time="0.000" /><testcase classname="tests.test_massive_de_consistency" name="test_matrix_shapes" time="0.000" /><testcase classname="tests.test_massive_de_consistency" name="test_integer_entries" time="0.000" /><testcase classname="tests.test_massive_de_consistency" name="test_sparsity_pattern" time="0.000" /><testcase classname="tests.test_massive_de_consistency" name="test_trivial_first_row" time="0.000" /><testcase classname="tests.test_massive_de_consistency" name="test_de_consistency_mock" time="0.000" /><testcase classname="tests.test_massive_flatness" name="test_flatness_pairwise[0-1]" time="0.007" /><testcase classname="tests.test_massive_flatness" name="test_flatness_pairwise[0-2]" time="0.069" /><testcase classname="tests.test_massive_flatness" name="test_flatness_pairwise[0-3]" time="0.011" /><testcase classname="tests.test_massive_flatness" name="test_flatness_pairwise[0-4]" time="0.003" /><testcase classname="tests.test_massive_flatness" name="test_flatness_pairwise[0-5]" time="0.005" /><testcase classname="tests.test_massive_flatness" name="test_flatness_pairwise[1-2]" time="0.007" /><testcase classname="tests.test_massive_flatness" name="test_flatness_pairwise[1-3]" time="0.007" /><testcase classname="tests.test_massive_flatness" name="test_flatness_pairwise[1-4]" time="0.005" /><testcase classname="tests.test_massive_flatness" name="test_flatness_pairwise[1-5]" time="0.006" /><testcase classname="tests.test_massive_flatness" name="test_flatness_pairwise[2-3]" time="0.007" /><testcase classname="tests.test_massive_flatness" name="test_flatness_pairwise[2-4]" time="0.005" /><testcase classname="tests.test_massive_flatness" name="test_flatness_pairwise[2-5]" time="0.006" /><testcase classname="tests.test_massive_flatness" name="test_flatness_pairwise[3-4]" time="0.006" /><testcase classname="tests.test_massive_flatness" name="test_flatness_pairwise[3-5]" time="0.007" /><testcase classname="tests.test_massive_flatness" name="test_flatness_pairwise[4-5]" time="0.001" /><testcase classname="tests.test_massive_flatness" name="test_flatness_summary" time="0.001" /><testcase classname="tests.test_massive_flatness" name="test_boundary_vectors_loader_shapes" time="0.000" /><testcase classname="tests.test_massive_flatness" name="test_boundary_vectors_sympy_bridge" time="0.128" /><testcase classname="tests.test_massive_flatness" name="test_chen_coefficients_weight7" time="0.000"><skipped type="pytest.skip" message="fakeon_numeric/c_vectors.json not present — run `python scripts/extract_cvec.py --input &lt;HyperInt-or-DiffExp.m&gt;` to activate the weight-7 Chen recursion cross-check.">/app/Fakeon/tests/test_massive_flatness.py:185: fakeon_numeric/c_vectors.json not present — run `python scripts/extract_cvec.py --input &lt;HyperInt-or-DiffExp.m&gt;` to activate the weight-7 Chen recursion cross-check.</skipped></testcase><testcase classname="tests.test_numeric_imports" name="test_module_importable[fakeon_numeric]" time="0.000" /><testcase classname="tests.test_numeric_imports" name="test_module_importable[fakeon_numeric.validation]" time="0.000" /><testcase classname="tests.test_numeric_imports" name="test_module_importable[fakeon_numeric.partial_wave]" time="0.001" /><testcase classname="tests.test_numeric_imports" name="test_module_importable[fakeon_numeric.omega_quadrature]" time="0.000" /><testcase classname="tests.test_numeric_imports" name="test_module_importable[fakeon_numeric.radial_interpolator]" time="0.000" /><testcase classname="tests.test_numeric_imports" name="test_module_importable[fakeon_numeric.siegel_theta]" time="0.000" /><testcase classname="tests.test_numeric_imports" name="test_module_importable[fakeon_numeric.schwarzschild_radial_solver]" time="0.000" /><testcase classname="tests.test_numeric_imports" name="test_module_importable[fakeon_numeric.regime]" time="0.000" /><testcase classname="tests.test_numeric_imports" name="test_module_importable[fakeon_numeric.distributions]" time="0.000" /><testcase classname="tests.test_numeric_imports" name="test_module_importable[fakeon_numeric.tolerance_ledger]" time="0.000" /><testcase classname="tests.test_numeric_imports" name="test_module_importable[fakeon_numeric.status_tracker]" time="0.000" /><testcase classname="tests.test_numeric_imports" name="test_module_importable[fakeon_numeric.regge_solver]" time="0.000" /><testcase classname="tests.test_numeric_imports" name="test_module_importable[fakeon_numeric.pl_certification]" time="0.000" /><testcase classname="tests.test_pl_certification" name="test_constants_match_certified_values" time="0.000" /><testcase classname="tests.test_pl_certification" name="test_kappa_under_1e3" time="0.000" /><testcase classname="tests.test_pl_certification" name="test_verify_hessian_spectrum_passes_certified_window" time="0.000" /><testcase classname="tests.test_pl_certification" name="test_verify_hessian_spectrum_flags_pl_violation" time="0.000" /><testcase classname="tests.test_pl_certification" name="test_verify_hessian_spectrum_flags_smoothness_violation" time="0.000" /><testcase classname="tests.test_pl_certification" name="test_pl_inequality_pass" time="0.000" /><testcase classname="tests.test_pl_certification" name="test_pl_inequality_fail" time="0.000" /><testcase classname="tests.test_pl_certification" name="test_adaptive_step_size_respects_smoothness_bound" time="0.000" /><testcase classname="tests.test_pl_certification" name="test_linear_rate_bound_in_zero_one" time="0.000" /><testcase classname="tests.test_pl_certification" name="test_sample_pl_ratio_on_quadratic_landscape" time="0.001" /><testcase classname="tests.test_regge_virtualization" name="test_find_regge_root_converges" time="0.000" /><testcase classname="tests.test_regge_virtualization" name="test_re_alpha_negative_for_positive_t[0.1]" time="0.000" /><testcase classname="tests.test_regge_virtualization" name="test_re_alpha_negative_for_positive_t[1.0]" time="0.000" /><testcase classname="tests.test_regge_virtualization" name="test_re_alpha_negative_for_positive_t[5.0]" time="0.000" /><testcase classname="tests.test_regge_virtualization" name="test_re_alpha_negative_for_positive_t[100.0]" time="0.000" /><testcase classname="tests.test_regge_virtualization" name="test_scan_regge_trajectory_shape" time="0.000" /><testcase classname="tests.test_regge_virtualization" name="test_fakeon_virtualization_certificate" time="0.001" /><testcase classname="tests.test_regge_virtualization" name="test_certificate_hash_is_deterministic" time="0.000" /><testcase classname="tests.test_regge_virtualization" name="test_certificate_hash_changes_when_trajectory_changes" time="0.000" /><testcase classname="tests.test_regge_virtualization" name="test_certificate_dict_has_status_field" time="0.000" /><testcase classname="tests.test_s_matrix_extension" name="test_S1_spectral_density" time="0.000" /><testcase classname="tests.test_s_matrix_extension" name="test_S2_inelasticity_profile[0]" time="0.000" /><testcase classname="tests.test_s_matrix_extension" name="test_S2_inelasticity_profile[1]" time="0.000" /><testcase classname="tests.test_s_matrix_extension" name="test_S2_inelasticity_profile[2]" time="0.000" /><testcase classname="tests.test_s_matrix_extension" name="test_S2_inelasticity_profile[3]" time="0.000" /><testcase classname="tests.test_s_matrix_extension" name="test_S2_froissart_bound" time="0.000" /><testcase classname="tests.test_s_matrix_extension" name="test_S2_froissart_violation_detected" time="0.000" /><testcase classname="tests.test_s_matrix_extension" name="test_S3_beta_closure" time="0.000" /><testcase classname="tests.test_s_matrix_extension" name="test_s_matrix_extension_pipeline_demonstrated" time="0.000" /><testcase classname="tests.test_status_tracker" name="test_registry_loads_and_is_well_formed" time="0.000" /><testcase classname="tests.test_status_tracker" name="test_proved_with_sorry_fails" time="0.001" /><testcase classname="tests.test_status_tracker" name="test_proved_without_sorry_passes" time="0.001" /><testcase classname="tests.test_status_tracker" name="test_verified_uses_tolerance_ledger" time="0.000" /><testcase classname="tests.test_status_tracker" name="test_demonstrated_requires_lean_file_when_specified" time="0.000" /><testcase classname="tests.test_status_tracker" name="test_pending_always_passes" time="0.000" /><testcase classname="tests.test_status_tracker" name="test_metadata_always_passes" time="0.000" /><testcase classname="tests.test_status_tracker" name="test_unknown_status_fails" time="0.000" /><testcase classname="tests.test_status_tracker" name="test_export_status_matrix_runs" time="0.001" /><testcase classname="tests.test_status_tracker" name="test_assert_all_verified_on_live_repo" time="0.001" /><testcase classname="tests.test_unitarity_closure" name="test_p_phys_is_orthogonal_projector" time="0.001" /><testcase classname="tests.test_unitarity_closure" name="test_s_is_unitary" time="0.000" /><testcase classname="tests.test_unitarity_closure" name="test_unitarity_closure_on_h_phys" time="0.000" /><testcase classname="tests.test_unitarity_closure" name="test_unitarity_closure_seed_sweep[1]" time="0.000" /><testcase classname="tests.test_unitarity_closure" name="test_unitarity_closure_seed_sweep[2]" time="0.000" /><testcase classname="tests.test_unitarity_closure" name="test_unitarity_closure_seed_sweep[3]" time="0.000" /><testcase classname="tests.test_unitarity_closure" name="test_unitarity_closure_seed_sweep[17]" time="0.000" /><testcase classname="tests.test_unitarity_closure" name="test_unitarity_closure_seed_sweep[42]" time="0.000" /><testcase classname="tests.test_unitarity_closure" name="test_bootstrap_partial_wave_bound" time="0.000" /><testcase classname="tests.test_unitarity_closure" name="test_fakeon_block_is_real" time="0.000" /><testcase classname="tests.test_unitarity_closure" name="test_t_matrix_is_hermitian" time="0.000" /><testcase classname="tests.test_wedge_vanishing" name="test_rg_flow_1d_rank" time="0.001" /><testcase classname="tests.test_wedge_vanishing" name="test_rg_flow_violation_detected" time="0.000" /><testcase classname="tests.test_wedge_vanishing" name="test_rg_flow_various_widths[3]" time="0.000" /><testcase classname="tests.test_wedge_vanishing" name="test_rg_flow_various_widths[5]" time="0.000" /><testcase classname="tests.test_wedge_vanishing" name="test_rg_flow_various_widths[8]" time="0.001" /></testsuite></testsuites>